C:\USERS\LAB422\DESKTOP\A STAR\DEBUG\MAIN.OBJ
C:\USERS\LAB422\DESKTOP\A STAR\DEBUG\VC110.PDB
C:\USERS\LAB422\DESKTOP\A STAR\DEBUG\UCS.ILK
C:\USERS\LAB422\DESKTOP\A STAR\DEBUG\UCS.EXE
C:\USERS\LAB422\DESKTOP\A STAR\DEBUG\UCS.PDB
C:\Users\lab422\Desktop\A Star\Debug\main.obj
C:\Users\lab422\Desktop\A Star\Debug\UCS.ilk
C:\Users\lab422\Desktop\A Star\Debug\cl.command.1.tlog
C:\Users\lab422\Desktop\A Star\Debug\CL.read.1.tlog
C:\Users\lab422\Desktop\A Star\Debug\CL.write.1.tlog
C:\Users\lab422\Desktop\A Star\Debug\link-cvtres.read.1.tlog
C:\Users\lab422\Desktop\A Star\Debug\link-cvtres.write.1.tlog
C:\Users\lab422\Desktop\A Star\Debug\link-rc.read.1.tlog
C:\Users\lab422\Desktop\A Star\Debug\link-rc.write.1.tlog
C:\Users\lab422\Desktop\A Star\Debug\link.1276-cvtres.read.1.tlog
C:\Users\lab422\Desktop\A Star\Debug\link.1276-cvtres.write.1.tlog
C:\Users\lab422\Desktop\A Star\Debug\link.1276-rc.read.1.tlog
C:\Users\lab422\Desktop\A Star\Debug\link.1276-rc.write.1.tlog
C:\Users\lab422\Desktop\A Star\Debug\link.1276.read.1.tlog
C:\Users\lab422\Desktop\A Star\Debug\link.1276.write.1.tlog
C:\Users\lab422\Desktop\A Star\Debug\link.1332-cvtres.read.1.tlog
C:\Users\lab422\Desktop\A Star\Debug\link.1332-cvtres.write.1.tlog
C:\Users\lab422\Desktop\A Star\Debug\link.1332-rc.read.1.tlog
C:\Users\lab422\Desktop\A Star\Debug\link.1332-rc.write.1.tlog
C:\Users\lab422\Desktop\A Star\Debug\link.1332.read.1.tlog
C:\Users\lab422\Desktop\A Star\Debug\link.1332.write.1.tlog
C:\Users\lab422\Desktop\A Star\Debug\link.1616-cvtres.read.1.tlog
C:\Users\lab422\Desktop\A Star\Debug\link.1616-cvtres.write.1.tlog
C:\Users\lab422\Desktop\A Star\Debug\link.1616-rc.read.1.tlog
C:\Users\lab422\Desktop\A Star\Debug\link.1616-rc.write.1.tlog
C:\Users\lab422\Desktop\A Star\Debug\link.1616.read.1.tlog
C:\Users\lab422\Desktop\A Star\Debug\link.1616.write.1.tlog
C:\Users\lab422\Desktop\A Star\Debug\link.1740-cvtres.read.1.tlog
C:\Users\lab422\Desktop\A Star\Debug\link.1740-cvtres.write.1.tlog
C:\Users\lab422\Desktop\A Star\Debug\link.1740-rc.read.1.tlog
C:\Users\lab422\Desktop\A Star\Debug\link.1740-rc.write.1.tlog
C:\Users\lab422\Desktop\A Star\Debug\link.1740.read.1.tlog
C:\Users\lab422\Desktop\A Star\Debug\link.1740.write.1.tlog
C:\Users\lab422\Desktop\A Star\Debug\link.1744-cvtres.read.1.tlog
C:\Users\lab422\Desktop\A Star\Debug\link.1744-cvtres.write.1.tlog
C:\Users\lab422\Desktop\A Star\Debug\link.1744-rc.read.1.tlog
C:\Users\lab422\Desktop\A Star\Debug\link.1744-rc.write.1.tlog
C:\Users\lab422\Desktop\A Star\Debug\link.1744.read.1.tlog
C:\Users\lab422\Desktop\A Star\Debug\link.1744.write.1.tlog
C:\Users\lab422\Desktop\A Star\Debug\link.1996-cvtres.read.1.tlog
C:\Users\lab422\Desktop\A Star\Debug\link.1996-cvtres.write.1.tlog
C:\Users\lab422\Desktop\A Star\Debug\link.1996-rc.read.1.tlog
C:\Users\lab422\Desktop\A Star\Debug\link.1996-rc.write.1.tlog
C:\Users\lab422\Desktop\A Star\Debug\link.1996.read.1.tlog
C:\Users\lab422\Desktop\A Star\Debug\link.1996.write.1.tlog
C:\Users\lab422\Desktop\A Star\Debug\link.2044-cvtres.read.1.tlog
C:\Users\lab422\Desktop\A Star\Debug\link.2044-cvtres.write.1.tlog
C:\Users\lab422\Desktop\A Star\Debug\link.2044-rc.read.1.tlog
C:\Users\lab422\Desktop\A Star\Debug\link.2044-rc.write.1.tlog
C:\Users\lab422\Desktop\A Star\Debug\link.2044.read.1.tlog
C:\Users\lab422\Desktop\A Star\Debug\link.2044.write.1.tlog
C:\Users\lab422\Desktop\A Star\Debug\link.2640-cvtres.read.1.tlog
C:\Users\lab422\Desktop\A Star\Debug\link.2640-cvtres.write.1.tlog
C:\Users\lab422\Desktop\A Star\Debug\link.2640-rc.read.1.tlog
C:\Users\lab422\Desktop\A Star\Debug\link.2640-rc.write.1.tlog
C:\Users\lab422\Desktop\A Star\Debug\link.2640.read.1.tlog
C:\Users\lab422\Desktop\A Star\Debug\link.2640.write.1.tlog
C:\Users\lab422\Desktop\A Star\Debug\link.2796-cvtres.read.1.tlog
C:\Users\lab422\Desktop\A Star\Debug\link.2796-cvtres.write.1.tlog
C:\Users\lab422\Desktop\A Star\Debug\link.2796-rc.read.1.tlog
C:\Users\lab422\Desktop\A Star\Debug\link.2796-rc.write.1.tlog
C:\Users\lab422\Desktop\A Star\Debug\link.2796.read.1.tlog
C:\Users\lab422\Desktop\A Star\Debug\link.2796.write.1.tlog
C:\Users\lab422\Desktop\A Star\Debug\link.2904-cvtres.read.1.tlog
C:\Users\lab422\Desktop\A Star\Debug\link.2904-cvtres.write.1.tlog
C:\Users\lab422\Desktop\A Star\Debug\link.2904-rc.read.1.tlog
C:\Users\lab422\Desktop\A Star\Debug\link.2904-rc.write.1.tlog
C:\Users\lab422\Desktop\A Star\Debug\link.2904.read.1.tlog
C:\Users\lab422\Desktop\A Star\Debug\link.2904.write.1.tlog
C:\Users\lab422\Desktop\A Star\Debug\link.3152-cvtres.read.1.tlog
C:\Users\lab422\Desktop\A Star\Debug\link.3152-cvtres.write.1.tlog
C:\Users\lab422\Desktop\A Star\Debug\link.3152-rc.read.1.tlog
C:\Users\lab422\Desktop\A Star\Debug\link.3152-rc.write.1.tlog
C:\Users\lab422\Desktop\A Star\Debug\link.3152.read.1.tlog
C:\Users\lab422\Desktop\A Star\Debug\link.3152.write.1.tlog
C:\Users\lab422\Desktop\A Star\Debug\link.3632-cvtres.read.1.tlog
C:\Users\lab422\Desktop\A Star\Debug\link.3632-cvtres.write.1.tlog
C:\Users\lab422\Desktop\A Star\Debug\link.3632-rc.read.1.tlog
C:\Users\lab422\Desktop\A Star\Debug\link.3632-rc.write.1.tlog
C:\Users\lab422\Desktop\A Star\Debug\link.3632.read.1.tlog
C:\Users\lab422\Desktop\A Star\Debug\link.3632.write.1.tlog
C:\Users\lab422\Desktop\A Star\Debug\link.3668-cvtres.read.1.tlog
C:\Users\lab422\Desktop\A Star\Debug\link.3668-cvtres.write.1.tlog
C:\Users\lab422\Desktop\A Star\Debug\link.3668-rc.read.1.tlog
C:\Users\lab422\Desktop\A Star\Debug\link.3668-rc.write.1.tlog
C:\Users\lab422\Desktop\A Star\Debug\link.3668.read.1.tlog
C:\Users\lab422\Desktop\A Star\Debug\link.3668.write.1.tlog
C:\Users\lab422\Desktop\A Star\Debug\link.3772-cvtres.read.1.tlog
C:\Users\lab422\Desktop\A Star\Debug\link.3772-cvtres.write.1.tlog
C:\Users\lab422\Desktop\A Star\Debug\link.3772-rc.read.1.tlog
C:\Users\lab422\Desktop\A Star\Debug\link.3772-rc.write.1.tlog
C:\Users\lab422\Desktop\A Star\Debug\link.3772.read.1.tlog
C:\Users\lab422\Desktop\A Star\Debug\link.3772.write.1.tlog
C:\Users\lab422\Desktop\A Star\Debug\link.3900-cvtres.read.1.tlog
C:\Users\lab422\Desktop\A Star\Debug\link.3900-cvtres.write.1.tlog
C:\Users\lab422\Desktop\A Star\Debug\link.3900-rc.read.1.tlog
C:\Users\lab422\Desktop\A Star\Debug\link.3900-rc.write.1.tlog
C:\Users\lab422\Desktop\A Star\Debug\link.3900.read.1.tlog
C:\Users\lab422\Desktop\A Star\Debug\link.3900.write.1.tlog
C:\Users\lab422\Desktop\A Star\Debug\link.4272-cvtres.read.1.tlog
C:\Users\lab422\Desktop\A Star\Debug\link.4272-cvtres.write.1.tlog
C:\Users\lab422\Desktop\A Star\Debug\link.4272-rc.read.1.tlog
C:\Users\lab422\Desktop\A Star\Debug\link.4272-rc.write.1.tlog
C:\Users\lab422\Desktop\A Star\Debug\link.4272.read.1.tlog
C:\Users\lab422\Desktop\A Star\Debug\link.4272.write.1.tlog
C:\Users\lab422\Desktop\A Star\Debug\link.4292-cvtres.read.1.tlog
C:\Users\lab422\Desktop\A Star\Debug\link.4292-cvtres.write.1.tlog
C:\Users\lab422\Desktop\A Star\Debug\link.4292-rc.read.1.tlog
C:\Users\lab422\Desktop\A Star\Debug\link.4292-rc.write.1.tlog
C:\Users\lab422\Desktop\A Star\Debug\link.4292.read.1.tlog
C:\Users\lab422\Desktop\A Star\Debug\link.4292.write.1.tlog
C:\Users\lab422\Desktop\A Star\Debug\link.4360-cvtres.read.1.tlog
C:\Users\lab422\Desktop\A Star\Debug\link.4360-cvtres.write.1.tlog
C:\Users\lab422\Desktop\A Star\Debug\link.4360-rc.read.1.tlog
C:\Users\lab422\Desktop\A Star\Debug\link.4360-rc.write.1.tlog
C:\Users\lab422\Desktop\A Star\Debug\link.4360.read.1.tlog
C:\Users\lab422\Desktop\A Star\Debug\link.4360.write.1.tlog
C:\Users\lab422\Desktop\A Star\Debug\link.4548-cvtres.read.1.tlog
C:\Users\lab422\Desktop\A Star\Debug\link.4548-cvtres.write.1.tlog
C:\Users\lab422\Desktop\A Star\Debug\link.4548-rc.read.1.tlog
C:\Users\lab422\Desktop\A Star\Debug\link.4548-rc.write.1.tlog
C:\Users\lab422\Desktop\A Star\Debug\link.4548.read.1.tlog
C:\Users\lab422\Desktop\A Star\Debug\link.4548.write.1.tlog
C:\Users\lab422\Desktop\A Star\Debug\link.4616-cvtres.read.1.tlog
C:\Users\lab422\Desktop\A Star\Debug\link.4616-cvtres.write.1.tlog
C:\Users\lab422\Desktop\A Star\Debug\link.4616-rc.read.1.tlog
C:\Users\lab422\Desktop\A Star\Debug\link.4616-rc.write.1.tlog
C:\Users\lab422\Desktop\A Star\Debug\link.4616.read.1.tlog
C:\Users\lab422\Desktop\A Star\Debug\link.4616.write.1.tlog
C:\Users\lab422\Desktop\A Star\Debug\link.4672-cvtres.read.1.tlog
C:\Users\lab422\Desktop\A Star\Debug\link.4672-cvtres.write.1.tlog
C:\Users\lab422\Desktop\A Star\Debug\link.4672-rc.read.1.tlog
C:\Users\lab422\Desktop\A Star\Debug\link.4672-rc.write.1.tlog
C:\Users\lab422\Desktop\A Star\Debug\link.4672.read.1.tlog
C:\Users\lab422\Desktop\A Star\Debug\link.4672.write.1.tlog
C:\Users\lab422\Desktop\A Star\Debug\link.4716-cvtres.read.1.tlog
C:\Users\lab422\Desktop\A Star\Debug\link.4716-cvtres.write.1.tlog
C:\Users\lab422\Desktop\A Star\Debug\link.4716-rc.read.1.tlog
C:\Users\lab422\Desktop\A Star\Debug\link.4716-rc.write.1.tlog
C:\Users\lab422\Desktop\A Star\Debug\link.4716.read.1.tlog
C:\Users\lab422\Desktop\A Star\Debug\link.4716.write.1.tlog
C:\Users\lab422\Desktop\A Star\Debug\link.4804-cvtres.read.1.tlog
C:\Users\lab422\Desktop\A Star\Debug\link.4804-cvtres.write.1.tlog
C:\Users\lab422\Desktop\A Star\Debug\link.4804-rc.read.1.tlog
C:\Users\lab422\Desktop\A Star\Debug\link.4804-rc.write.1.tlog
C:\Users\lab422\Desktop\A Star\Debug\link.4804.read.1.tlog
C:\Users\lab422\Desktop\A Star\Debug\link.4804.write.1.tlog
C:\Users\lab422\Desktop\A Star\Debug\link.4840-cvtres.read.1.tlog
C:\Users\lab422\Desktop\A Star\Debug\link.4840-cvtres.write.1.tlog
C:\Users\lab422\Desktop\A Star\Debug\link.4840-rc.read.1.tlog
C:\Users\lab422\Desktop\A Star\Debug\link.4840-rc.write.1.tlog
C:\Users\lab422\Desktop\A Star\Debug\link.4840.read.1.tlog
C:\Users\lab422\Desktop\A Star\Debug\link.4840.write.1.tlog
C:\Users\lab422\Desktop\A Star\Debug\link.4892-cvtres.read.1.tlog
C:\Users\lab422\Desktop\A Star\Debug\link.4892-cvtres.write.1.tlog
C:\Users\lab422\Desktop\A Star\Debug\link.4892-rc.read.1.tlog
C:\Users\lab422\Desktop\A Star\Debug\link.4892-rc.write.1.tlog
C:\Users\lab422\Desktop\A Star\Debug\link.4892.read.1.tlog
C:\Users\lab422\Desktop\A Star\Debug\link.4892.write.1.tlog
C:\Users\lab422\Desktop\A Star\Debug\link.5156-cvtres.read.1.tlog
C:\Users\lab422\Desktop\A Star\Debug\link.5156-cvtres.write.1.tlog
C:\Users\lab422\Desktop\A Star\Debug\link.5156-rc.read.1.tlog
C:\Users\lab422\Desktop\A Star\Debug\link.5156-rc.write.1.tlog
C:\Users\lab422\Desktop\A Star\Debug\link.5156.read.1.tlog
C:\Users\lab422\Desktop\A Star\Debug\link.5156.write.1.tlog
C:\Users\lab422\Desktop\A Star\Debug\link.5188-cvtres.read.1.tlog
C:\Users\lab422\Desktop\A Star\Debug\link.5188-cvtres.write.1.tlog
C:\Users\lab422\Desktop\A Star\Debug\link.5188-rc.read.1.tlog
C:\Users\lab422\Desktop\A Star\Debug\link.5188-rc.write.1.tlog
C:\Users\lab422\Desktop\A Star\Debug\link.5188.read.1.tlog
C:\Users\lab422\Desktop\A Star\Debug\link.5188.write.1.tlog
C:\Users\lab422\Desktop\A Star\Debug\link.5416-cvtres.read.1.tlog
C:\Users\lab422\Desktop\A Star\Debug\link.5416-cvtres.write.1.tlog
C:\Users\lab422\Desktop\A Star\Debug\link.5416-rc.read.1.tlog
C:\Users\lab422\Desktop\A Star\Debug\link.5416-rc.write.1.tlog
C:\Users\lab422\Desktop\A Star\Debug\link.5416.read.1.tlog
C:\Users\lab422\Desktop\A Star\Debug\link.5416.write.1.tlog
C:\Users\lab422\Desktop\A Star\Debug\link.5444-cvtres.read.1.tlog
C:\Users\lab422\Desktop\A Star\Debug\link.5444-cvtres.write.1.tlog
C:\Users\lab422\Desktop\A Star\Debug\link.5444-rc.read.1.tlog
C:\Users\lab422\Desktop\A Star\Debug\link.5444-rc.write.1.tlog
C:\Users\lab422\Desktop\A Star\Debug\link.5444.read.1.tlog
C:\Users\lab422\Desktop\A Star\Debug\link.5444.write.1.tlog
C:\Users\lab422\Desktop\A Star\Debug\link.5464-cvtres.read.1.tlog
C:\Users\lab422\Desktop\A Star\Debug\link.5464-cvtres.write.1.tlog
C:\Users\lab422\Desktop\A Star\Debug\link.5464-rc.read.1.tlog
C:\Users\lab422\Desktop\A Star\Debug\link.5464-rc.write.1.tlog
C:\Users\lab422\Desktop\A Star\Debug\link.5464.read.1.tlog
C:\Users\lab422\Desktop\A Star\Debug\link.5464.write.1.tlog
C:\Users\lab422\Desktop\A Star\Debug\link.5624-cvtres.read.1.tlog
C:\Users\lab422\Desktop\A Star\Debug\link.5624-cvtres.write.1.tlog
C:\Users\lab422\Desktop\A Star\Debug\link.5624-rc.read.1.tlog
C:\Users\lab422\Desktop\A Star\Debug\link.5624-rc.write.1.tlog
C:\Users\lab422\Desktop\A Star\Debug\link.5624.read.1.tlog
C:\Users\lab422\Desktop\A Star\Debug\link.5624.write.1.tlog
C:\Users\lab422\Desktop\A Star\Debug\link.5672-cvtres.read.1.tlog
C:\Users\lab422\Desktop\A Star\Debug\link.5672-cvtres.write.1.tlog
C:\Users\lab422\Desktop\A Star\Debug\link.5672-rc.read.1.tlog
C:\Users\lab422\Desktop\A Star\Debug\link.5672-rc.write.1.tlog
C:\Users\lab422\Desktop\A Star\Debug\link.5672.read.1.tlog
C:\Users\lab422\Desktop\A Star\Debug\link.5672.write.1.tlog
C:\Users\lab422\Desktop\A Star\Debug\link.5712-cvtres.read.1.tlog
C:\Users\lab422\Desktop\A Star\Debug\link.5712-cvtres.write.1.tlog
C:\Users\lab422\Desktop\A Star\Debug\link.5712-rc.read.1.tlog
C:\Users\lab422\Desktop\A Star\Debug\link.5712-rc.write.1.tlog
C:\Users\lab422\Desktop\A Star\Debug\link.5712.read.1.tlog
C:\Users\lab422\Desktop\A Star\Debug\link.5712.write.1.tlog
C:\Users\lab422\Desktop\A Star\Debug\link.5788-cvtres.read.1.tlog
C:\Users\lab422\Desktop\A Star\Debug\link.5788-cvtres.write.1.tlog
C:\Users\lab422\Desktop\A Star\Debug\link.5788-rc.read.1.tlog
C:\Users\lab422\Desktop\A Star\Debug\link.5788-rc.write.1.tlog
C:\Users\lab422\Desktop\A Star\Debug\link.5788.read.1.tlog
C:\Users\lab422\Desktop\A Star\Debug\link.5788.write.1.tlog
C:\Users\lab422\Desktop\A Star\Debug\link.5836-cvtres.read.1.tlog
C:\Users\lab422\Desktop\A Star\Debug\link.5836-cvtres.write.1.tlog
C:\Users\lab422\Desktop\A Star\Debug\link.5836-rc.read.1.tlog
C:\Users\lab422\Desktop\A Star\Debug\link.5836-rc.write.1.tlog
C:\Users\lab422\Desktop\A Star\Debug\link.5836.read.1.tlog
C:\Users\lab422\Desktop\A Star\Debug\link.5836.write.1.tlog
C:\Users\lab422\Desktop\A Star\Debug\link.5880-cvtres.read.1.tlog
C:\Users\lab422\Desktop\A Star\Debug\link.5880-cvtres.write.1.tlog
C:\Users\lab422\Desktop\A Star\Debug\link.5880-rc.read.1.tlog
C:\Users\lab422\Desktop\A Star\Debug\link.5880-rc.write.1.tlog
C:\Users\lab422\Desktop\A Star\Debug\link.5880.read.1.tlog
C:\Users\lab422\Desktop\A Star\Debug\link.5880.write.1.tlog
C:\Users\lab422\Desktop\A Star\Debug\link.608-cvtres.read.1.tlog
C:\Users\lab422\Desktop\A Star\Debug\link.608-cvtres.write.1.tlog
C:\Users\lab422\Desktop\A Star\Debug\link.608-rc.read.1.tlog
C:\Users\lab422\Desktop\A Star\Debug\link.608-rc.write.1.tlog
C:\Users\lab422\Desktop\A Star\Debug\link.608.read.1.tlog
C:\Users\lab422\Desktop\A Star\Debug\link.608.write.1.tlog
C:\Users\lab422\Desktop\A Star\Debug\link.6548-cvtres.read.1.tlog
C:\Users\lab422\Desktop\A Star\Debug\link.6548-cvtres.write.1.tlog
C:\Users\lab422\Desktop\A Star\Debug\link.6548-rc.read.1.tlog
C:\Users\lab422\Desktop\A Star\Debug\link.6548-rc.write.1.tlog
C:\Users\lab422\Desktop\A Star\Debug\link.6548.read.1.tlog
C:\Users\lab422\Desktop\A Star\Debug\link.6548.write.1.tlog
C:\Users\lab422\Desktop\A Star\Debug\link.7020-cvtres.read.1.tlog
C:\Users\lab422\Desktop\A Star\Debug\link.7020-cvtres.write.1.tlog
C:\Users\lab422\Desktop\A Star\Debug\link.7020-rc.read.1.tlog
C:\Users\lab422\Desktop\A Star\Debug\link.7020-rc.write.1.tlog
C:\Users\lab422\Desktop\A Star\Debug\link.7020.read.1.tlog
C:\Users\lab422\Desktop\A Star\Debug\link.7020.write.1.tlog
C:\Users\lab422\Desktop\A Star\Debug\link.7164-cvtres.read.1.tlog
C:\Users\lab422\Desktop\A Star\Debug\link.7164-cvtres.write.1.tlog
C:\Users\lab422\Desktop\A Star\Debug\link.7164-rc.read.1.tlog
C:\Users\lab422\Desktop\A Star\Debug\link.7164-rc.write.1.tlog
C:\Users\lab422\Desktop\A Star\Debug\link.7164.read.1.tlog
C:\Users\lab422\Desktop\A Star\Debug\link.7164.write.1.tlog
C:\Users\lab422\Desktop\A Star\Debug\link.968-cvtres.read.1.tlog
C:\Users\lab422\Desktop\A Star\Debug\link.968-cvtres.write.1.tlog
C:\Users\lab422\Desktop\A Star\Debug\link.968-rc.read.1.tlog
C:\Users\lab422\Desktop\A Star\Debug\link.968-rc.write.1.tlog
C:\Users\lab422\Desktop\A Star\Debug\link.968.read.1.tlog
C:\Users\lab422\Desktop\A Star\Debug\link.968.write.1.tlog
C:\Users\lab422\Desktop\A Star\Debug\link.command.1.tlog
C:\Users\lab422\Desktop\A Star\Debug\link.read.1.tlog
C:\Users\lab422\Desktop\A Star\Debug\link.write.1.tlog
C:\Users\lab422\Desktop\A Star\Debug\vc110.idb
C:\Users\lab422\Desktop\A Star\Debug\UCS.pdb
C:\Users\lab422\Desktop\A Star\Debug\vc110.pdb
C:\Users\lab422\Desktop\A Star\Debug\UCS.exe
